<?xml version="1.0" encoding="UTF-8"?>
<!-- Generated by org.testng.reporters.JUnitXMLReporter -->
<testsuite hostname="DESKTOP-QVTGRLD" ignored="3" name="Default test" tests="1" failures="0" timestamp="2021-02-16T21:53:07 CST" time="3.15" errors="0">
  <testcase name="createSingleBook" time="2.405" classname="com.jsonserver.BooksResourceTesting"/>
  <testcase name="updateSingleBook" time="0.0" classname="com.jsonserver.BooksResourceTesting">
    <ignored/>
  </testcase> <!-- updateSingleBook -->
  <testcase name="deleteSingleBook" time="0.0" classname="com.jsonserver.BooksResourceTesting">
    <ignored/>
  </testcase> <!-- deleteSingleBook -->
  <testcase name="getSingleBook" time="0.0" classname="com.jsonserver.BooksResourceTesting">
    <ignored/>
  </testcase> <!-- getSingleBook -->
</testsuite> <!-- Default test -->
