<?xml version="1.0" encoding="UTF-8"?>
<testng-results skipped="0" failed="0" ignored="3" total="4" passed="1">
  <reporter-output>
  </reporter-output>
  <suite name="Default suite" duration-ms="3150" started-at="2021-02-16T21:53:04 CST" finished-at="2021-02-16T21:53:07 CST">
    <groups>
    </groups>
    <test name="Default test" duration-ms="3150" started-at="2021-02-16T21:53:04 CST" finished-at="2021-02-16T21:53:07 CST">
      <class name="com.jsonserver.BooksResourceTesting">
        <test-method status="PASS" signature="setUp()[pri:0, instance:com.jsonserver.BooksResourceTesting@131276c2]" name="setUp" is-config="true" duration-ms="668" started-at="2021-02-16T21:53:04 CST" finished-at="2021-02-16T21:53:05 CST">
          <reporter-output>
          </reporter-output>
        </test-method> <!-- setUp -->
        <test-method status="PASS" signature="createSingleBook()[pri:2, instance:com.jsonserver.BooksResourceTesting@131276c2]" name="createSingleBook" duration-ms="2405" started-at="2021-02-16T21:53:05 CST" finished-at="2021-02-16T21:53:07 CST">
          <reporter-output>
          </reporter-output>
        </test-method> <!-- createSingleBook -->
      </class> <!-- com.jsonserver.BooksResourceTesting -->
    </test> <!-- Default test -->
  </suite> <!-- Default suite -->
</testng-results>
